# JRE version: OpenJDK Runtime Environment Corretto-11.0.20.8.1 (11.0.20+8) (build 11.0.20+8-LTS)
# Java VM: OpenJDK 64-Bit Server VM Corretto-11.0.20.8.1 (11.0.20+8-LTS, mixed mode, tiered, compressed oops, g1 gc, windows-amd64)
Heap:
 garbage-first heap   total 310272K, used 187296K [0x0000000704000000, 0x0000000800000000)
  region size 1024K, 157 young (160768K), 15 survivors (15360K)
 Metaspace       used 111774K, capacity 114662K, committed 114944K, reserved 1148928K
  class space    used 13574K, capacity 15062K, committed 15104K, reserved 1048576K
GC Heap History (18 events):
Event: 0.788 GC heap before
{Heap before GC invocations=0 (full 0):
 garbage-first heap   total 258048K, used 30720K [0x0000000704000000, 0x0000000800000000)
  region size 1024K, 24 young (24576K), 0 survivors (0K)
 Metaspace       used 9273K, capacity 9395K, committed 9600K, reserved 1058816K
  class space    used 844K, capacity 894K, committed 896K, reserved 1048576K
}
Event: 0.792 GC heap after
{Heap after GC invocations=1 (full 0):
 garbage-first heap   total 258048K, used 17819K [0x0000000704000000, 0x0000000800000000)
  region size 1024K, 3 young (3072K), 3 survivors (3072K)
 Metaspace       used 9273K, capacity 9395K, committed 9600K, reserved 1058816K
  class space    used 844K, capacity 894K, committed 896K, reserved 1048576K
}
Event: 1.281 GC heap before
{Heap before GC invocations=1 (full 0):
 garbage-first heap   total 258048K, used 39323K [0x0000000704000000, 0x0000000800000000)
  region size 1024K, 25 young (25600K), 3 survivors (3072K)
 Metaspace       used 16440K, capacity 16582K, committed 16768K, reserved 1064960K
  class space    used 1588K, capacity 1653K, committed 1664K, reserved 1048576K
}
Event: 1.284 GC heap after
{Heap after GC invocations=2 (full 0):
 garbage-first heap   total 258048K, used 19461K [0x0000000704000000, 0x0000000800000000)
  region size 1024K, 2 young (2048K), 2 survivors (2048K)
 Metaspace       used 16440K, capacity 16582K, committed 16768K, reserved 1064960K
  class space    used 1588K, capacity 1653K, committed 1664K, reserved 1048576K
}
Event: 1.772 GC heap before
{Heap before GC invocations=2 (full 0):
 garbage-first heap   total 258048K, used 40965K [0x0000000704000000, 0x0000000800000000)
  region size 1024K, 24 young (24576K), 2 survivors (2048K)
 Metaspace       used 20901K, capacity 21185K, committed 21248K, reserved 1069056K
  class space    used 2162K, capacity 2256K, committed 2304K, reserved 1048576K
}
Event: 1.778 GC heap after
{Heap after GC invocations=3 (full 0):
 garbage-first heap   total 258048K, used 20582K [0x0000000704000000, 0x0000000800000000)
  region size 1024K, 3 young (3072K), 3 survivors (3072K)
 Metaspace       used 20901K, capacity 21185K, committed 21248K, reserved 1069056K
  class space    used 2162K, capacity 2256K, committed 2304K, reserved 1048576K
}
Event: 3.295 GC heap before
{Heap before GC invocations=4 (full 0):
 garbage-first heap   total 258048K, used 90214K [0x0000000704000000, 0x0000000800000000)
  region size 1024K, 71 young (72704K), 3 survivors (3072K)
 Metaspace       used 33941K, capacity 34887K, committed 35072K, reserved 1079296K
  class space    used 4055K, capacity 4561K, committed 4608K, reserved 1048576K
}
Event: 3.301 GC heap after
{Heap after GC invocations=5 (full 0):
 garbage-first heap   total 258048K, used 23795K [0x0000000704000000, 0x0000000800000000)
  region size 1024K, 6 young (6144K), 6 survivors (6144K)
 Metaspace       used 33941K, capacity 34887K, committed 35072K, reserved 1079296K
  class space    used 4055K, capacity 4561K, committed 4608K, reserved 1048576K
}
Event: 3.404 GC heap before
{Heap before GC invocations=5 (full 0):
 garbage-first heap   total 258048K, used 28915K [0x0000000704000000, 0x0000000800000000)
  region size 1024K, 12 young (12288K), 6 survivors (6144K)
 Metaspace       used 34787K, capacity 35712K, committed 35840K, reserved 1081344K
  class space    used 4174K, capacity 4668K, committed 4736K, reserved 1048576K
}
Event: 3.411 GC heap after
{Heap after GC invocations=6 (full 0):
 garbage-first heap   total 258048K, used 24122K [0x0000000704000000, 0x0000000800000000)
  region size 1024K, 7 young (7168K), 7 survivors (7168K)
 Metaspace       used 34787K, capacity 35712K, committed 35840K, reserved 1081344K
  class space    used 4174K, capacity 4668K, committed 4736K, reserved 1048576K
}
Event: 5.700 GC heap before
{Heap before GC invocations=7 (full 0):
 garbage-first heap   total 258048K, used 115258K [0x0000000704000000, 0x0000000800000000)
  region size 1024K, 96 young (98304K), 7 survivors (7168K)
 Metaspace       used 51201K, capacity 52704K, committed 52864K, reserved 1095680K
  class space    used 6263K, capacity 7020K, committed 7040K, reserved 1048576K
}
Event: 5.708 GC heap after
{Heap after GC invocations=8 (full 0):
 garbage-first heap   total 258048K, used 29076K [0x0000000704000000, 0x0000000800000000)
  region size 1024K, 11 young (11264K), 11 survivors (11264K)
 Metaspace       used 51201K, capacity 52704K, committed 52864K, reserved 1095680K
  class space    used 6263K, capacity 7020K, committed 7040K, reserved 1048576K
}
Event: 6.489 GC heap before
{Heap before GC invocations=8 (full 0):
 garbage-first heap   total 258048K, used 61844K [0x0000000704000000, 0x0000000800000000)
  region size 1024K, 44 young (45056K), 11 survivors (11264K)
 Metaspace       used 58514K, capacity 60078K, committed 60160K, reserved 1101824K
  class space    used 7052K, capacity 7854K, committed 7936K, reserved 1048576K
}
Event: 6.501 GC heap after
{Heap after GC invocations=9 (full 0):
 garbage-first heap   total 258048K, used 31248K [0x0000000704000000, 0x0000000800000000)
  region size 1024K, 11 young (11264K), 11 survivors (11264K)
 Metaspace       used 58514K, capacity 60078K, committed 60160K, reserved 1101824K
  class space    used 7052K, capacity 7854K, committed 7936K, reserved 1048576K
}
Event: 8.748 GC heap before
{Heap before GC invocations=10 (full 0):
 garbage-first heap   total 258048K, used 141840K [0x0000000704000000, 0x0000000800000000)
  region size 1024K, 119 young (121856K), 11 survivors (11264K)
 Metaspace       used 84154K, capacity 86466K, committed 86656K, reserved 1124352K
  class space    used 10626K, capacity 11849K, committed 11904K, reserved 1048576K
}
Event: 8.763 GC heap after
{Heap after GC invocations=11 (full 0):
 garbage-first heap   total 310272K, used 37050K [0x0000000704000000, 0x0000000800000000)
  region size 1024K, 14 young (14336K), 14 survivors (14336K)
 Metaspace       used 84154K, capacity 86466K, committed 86656K, reserved 1124352K
  class space    used 10626K, capacity 11849K, committed 11904K, reserved 1048576K
}
Event: 10.310 GC heap before
{Heap before GC invocations=11 (full 0):
 garbage-first heap   total 310272K, used 123066K [0x0000000704000000, 0x0000000800000000)
  region size 1024K, 99 young (101376K), 14 survivors (14336K)
 Metaspace       used 97848K, capacity 100461K, committed 100608K, reserved 1136640K
  class space    used 12053K, capacity 13448K, committed 13568K, reserved 1048576K
}
Event: 10.328 GC heap after
{Heap after GC invocations=12 (full 0):
 garbage-first heap   total 310272K, used 42912K [0x0000000704000000, 0x0000000800000000)
  region size 1024K, 15 young (15360K), 15 survivors (15360K)
 Metaspace       used 97848K, capacity 100461K, committed 100608K, reserved 1136640K
  class space    used 12053K, capacity 13448K, committed 13568K, reserved 1048576K
}

